# JRE version: Java(TM) SE Runtime Environment (8.0_171-b11) (build 1.8.0_171-b11)
# Java VM: Java HotSpot(TM) 64-Bit Server VM (25.171-b11 mixed mode bsd-amd64 compressed oops)
Heap:
 PSYoungGen      total 437760K, used 381775K [0x000000076ab00000, 0x0000000789080000, 0x00000007c0000000)
  eden space 408064K, 87% used [0x000000076ab00000,0x00000007805eeeb8,0x0000000783980000)
  from space 29696K, 89% used [0x0000000785880000,0x0000000787265140,0x0000000787580000)
  to   space 31744K, 0% used [0x0000000783980000,0x0000000783980000,0x0000000785880000)
 ParOldGen       total 317952K, used 68616K [0x00000006c0000000, 0x00000006d3680000, 0x000000076ab00000)
  object space 317952K, 21% used [0x00000006c0000000,0x00000006c4302378,0x00000006d3680000)
 Metaspace       used 93555K, capacity 97518K, committed 97624K, reserved 1134592K
  class space    used 12353K, capacity 13103K, committed 13184K, reserved 1048576K
GC Heap History (10 events):
Event: 6.437 GC heap before
{Heap before GC invocations=9 (full 2):
 PSYoungGen      total 286720K, used 15624K [0x000000076ab00000, 0x0000000784e00000, 0x00000007c0000000)
  eden space 261632K, 0% used [0x000000076ab00000,0x000000076ab00000,0x000000077aa80000)
  from space 25088K, 62% used [0x000000077aa80000,0x000000077b9c20f8,0x000000077c300000)
  to   space 24064K, 0% used [0x0000000783680000,0x0000000783680000,0x0000000784e00000)
 ParOldGen       total 154112K, used 40078K [0x00000006c0000000, 0x00000006c9680000, 0x000000076ab00000)
  object space 154112K, 26% used [0x00000006c0000000,0x00000006c2723ad0,0x00000006c9680000)
 Metaspace       used 34263K, capacity 35330K, committed 35456K, reserved 1079296K
  class space    used 4330K, capacity 4667K, committed 4736K, reserved 1048576K
Event: 6.515 GC heap after
Heap after GC invocations=9 (full 2):
 PSYoungGen      total 286720K, used 0K [0x000000076ab00000, 0x0000000784e00000, 0x00000007c0000000)
  eden space 261632K, 0% used [0x000000076ab00000,0x000000076ab00000,0x000000077aa80000)
  from space 25088K, 0% used [0x000000077aa80000,0x000000077aa80000,0x000000077c300000)
  to   space 24064K, 0% used [0x0000000783680000,0x0000000783680000,0x0000000784e00000)
 ParOldGen       total 230400K, used 50917K [0x00000006c0000000, 0x00000006ce100000, 0x000000076ab00000)
  object space 230400K, 22% used [0x00000006c0000000,0x00000006c31b9550,0x00000006ce100000)
 Metaspace       used 34261K, capacity 35324K, committed 35456K, reserved 1079296K
  class space    used 4330K, capacity 4666K, committed 4736K, reserved 1048576K
}
Event: 7.932 GC heap before
{Heap before GC invocations=10 (full 2):
 PSYoungGen      total 286720K, used 261632K [0x000000076ab00000, 0x0000000784e00000, 0x00000007c0000000)
  eden space 261632K, 100% used [0x000000076ab00000,0x000000077aa80000,0x000000077aa80000)
  from space 25088K, 0% used [0x000000077aa80000,0x000000077aa80000,0x000000077c300000)
  to   space 24064K, 0% used [0x0000000783680000,0x0000000783680000,0x0000000784e00000)
 ParOldGen       total 230400K, used 50917K [0x00000006c0000000, 0x00000006ce100000, 0x000000076ab00000)
  object space 230400K, 22% used [0x00000006c0000000,0x00000006c31b9550,0x00000006ce100000)
 Metaspace       used 44228K, capacity 45894K, committed 46080K, reserved 1089536K
  class space    used 5666K, capacity 6087K, committed 6144K, reserved 1048576K
Event: 7.954 GC heap after
Heap after GC invocations=10 (full 2):
 PSYoungGen      total 368640K, used 21030K [0x000000076ab00000, 0x0000000784b80000, 0x00000007c0000000)
  eden space 347136K, 0% used [0x000000076ab00000,0x000000076ab00000,0x000000077fe00000)
  from space 21504K, 97% used [0x0000000783680000,0x0000000784b09a20,0x0000000784b80000)
  to   space 25600K, 0% used [0x0000000781980000,0x0000000781980000,0x0000000783280000)
 ParOldGen       total 230400K, used 50989K [0x00000006c0000000, 0x00000006ce100000, 0x000000076ab00000)
  object space 230400K, 22% used [0x00000006c0000000,0x00000006c31cb560,0x00000006ce100000)
 Metaspace       used 44228K, capacity 45894K, committed 46080K, reserved 1089536K
  class space    used 5666K, capacity 6087K, committed 6144K, reserved 1048576K
}
Event: 9.760 GC heap before
{Heap before GC invocations=11 (full 2):
 PSYoungGen      total 368640K, used 279317K [0x000000076ab00000, 0x0000000784b80000, 0x00000007c0000000)
  eden space 347136K, 74% used [0x000000076ab00000,0x000000077a73bcd0,0x000000077fe00000)
  from space 21504K, 97% used [0x0000000783680000,0x0000000784b09a20,0x0000000784b80000)
  to   space 25600K, 0% used [0x0000000781980000,0x0000000781980000,0x0000000783280000)
 ParOldGen       total 230400K, used 50989K [0x00000006c0000000, 0x00000006ce100000, 0x000000076ab00000)
  object space 230400K, 22% used [0x00000006c0000000,0x00000006c31cb560,0x00000006ce100000)
 Metaspace       used 56758K, capacity 59030K, committed 59096K, reserved 1099776K
  class space    used 7401K, capacity 7915K, committed 7936K, reserved 1048576K
Event: 9.785 GC heap after
Heap after GC invocations=11 (full 2):
 PSYoungGen      total 400896K, used 25589K [0x000000076ab00000, 0x0000000787580000, 0x00000007c0000000)
  eden space 375296K, 0% used [0x000000076ab00000,0x000000076ab00000,0x0000000781980000)
  from space 25600K, 99% used [0x0000000781980000,0x000000078327d598,0x0000000783280000)
  to   space 29696K, 0% used [0x0000000785880000,0x0000000785880000,0x0000000787580000)
 ParOldGen       total 230400K, used 55512K [0x00000006c0000000, 0x00000006ce100000, 0x000000076ab00000)
  object space 230400K, 24% used [0x00000006c0000000,0x00000006c3636160,0x00000006ce100000)
 Metaspace       used 56758K, capacity 59030K, committed 59096K, reserved 1099776K
  class space    used 7401K, capacity 7915K, committed 7936K, reserved 1048576K
}
Event: 9.785 GC heap before
{Heap before GC invocations=12 (full 3):
 PSYoungGen      total 400896K, used 25589K [0x000000076ab00000, 0x0000000787580000, 0x00000007c0000000)
  eden space 375296K, 0% used [0x000000076ab00000,0x000000076ab00000,0x0000000781980000)
  from space 25600K, 99% used [0x0000000781980000,0x000000078327d598,0x0000000783280000)
  to   space 29696K, 0% used [0x0000000785880000,0x0000000785880000,0x0000000787580000)
 ParOldGen       total 230400K, used 55512K [0x00000006c0000000, 0x00000006ce100000, 0x000000076ab00000)
  object space 230400K, 24% used [0x00000006c0000000,0x00000006c3636160,0x00000006ce100000)
 Metaspace       used 56758K, capacity 59030K, committed 59096K, reserved 1099776K
  class space    used 7401K, capacity 7915K, committed 7936K, reserved 1048576K
Event: 9.995 GC heap after
Heap after GC invocations=12 (full 3):
 PSYoungGen      total 400896K, used 0K [0x000000076ab00000, 0x0000000787580000, 0x00000007c0000000)
  eden space 375296K, 0% used [0x000000076ab00000,0x000000076ab00000,0x0000000781980000)
  from space 25600K, 0% used [0x0000000781980000,0x0000000781980000,0x0000000783280000)
  to   space 29696K, 0% used [0x0000000785880000,0x0000000785880000,0x0000000787580000)
 ParOldGen       total 317952K, used 68608K [0x00000006c0000000, 0x00000006d3680000, 0x000000076ab00000)
  object space 317952K, 21% used [0x00000006c0000000,0x00000006c4300378,0x00000006d3680000)
 Metaspace       used 56758K, capacity 59030K, committed 59096K, reserved 1099776K
  class space    used 7401K, capacity 7915K, committed 7936K, reserved 1048576K
}
Event: 12.921 GC heap before
{Heap before GC invocations=13 (full 3):
 PSYoungGen      total 400896K, used 375296K [0x000000076ab00000, 0x0000000787580000, 0x00000007c0000000)
  eden space 375296K, 100% used [0x000000076ab00000,0x0000000781980000,0x0000000781980000)
  from space 25600K, 0% used [0x0000000781980000,0x0000000781980000,0x0000000783280000)
  to   space 29696K, 0% used [0x0000000785880000,0x0000000785880000,0x0000000787580000)
 ParOldGen       total 317952K, used 68608K [0x00000006c0000000, 0x00000006d3680000, 0x000000076ab00000)
  object space 317952K, 21% used [0x00000006c0000000,0x00000006c4300378,0x00000006d3680000)
 Metaspace       used 75262K, capacity 78382K, committed 78552K, reserved 1118208K
  class space    used 9977K, capacity 10629K, committed 10752K, reserved 1048576K
Event: 12.951 GC heap after
Heap after GC invocations=13 (full 3):
 PSYoungGen      total 437760K, used 26516K [0x000000076ab00000, 0x0000000789080000, 0x00000007c0000000)
  eden space 408064K, 0% used [0x000000076ab00000,0x000000076ab00000,0x0000000783980000)
  from space 29696K, 89% used [0x0000000785880000,0x0000000787265140,0x0000000787580000)
  to   space 31744K, 0% used [0x0000000783980000,0x0000000783980000,0x0000000785880000)
 ParOldGen       total 317952K, used 68616K [0x00000006c0000000, 0x00000006d3680000, 0x000000076ab00000)
  object space 317952K, 21% used [0x00000006c0000000,0x00000006c4302378,0x00000006d3680000)
 Metaspace       used 75262K, capacity 78382K, committed 78552K, reserved 1118208K
  class space    used 9977K, capacity 10629K, committed 10752K, reserved 1048576K
}

